# JRE version: Java(TM) SE Runtime Environment (8.0_192-b12) (build 1.8.0_192-b12)
# Java VM: Java HotSpot(TM) 64-Bit Server VM (25.192-b12 mixed mode windows-amd64 compressed oops)
Heap:
 PSYoungGen      total 143872K, used 77373K [0x00000000f5580000, 0x00000000ffd80000, 0x0000000100000000)
  eden space 128000K, 48% used [0x00000000f5580000,0x00000000f918f5c0,0x00000000fd280000)
  from space 15872K, 100% used [0x00000000fe600000,0x00000000ff580000,0x00000000ff580000)
  to   space 19968K, 0% used [0x00000000fd280000,0x00000000fd280000,0x00000000fe600000)
 ParOldGen       total 87552K, used 22640K [0x00000000e0000000, 0x00000000e5580000, 0x00000000f5580000)
  object space 87552K, 25% used [0x00000000e0000000,0x00000000e161c130,0x00000000e5580000)
 Metaspace       used 16748K, capacity 17186K, committed 17536K, reserved 1064960K
  class space    used 1943K, capacity 2052K, committed 2176K, reserved 1048576K
GC Heap History (10 events):
Event: 7.035 GC heap before
{Heap before GC invocations=4 (full 0):
 PSYoungGen      total 38400K, used 38392K [0x00000000f5580000, 0x00000000f8000000, 0x0000000100000000)
  eden space 33280K, 100% used [0x00000000f5580000,0x00000000f7600000,0x00000000f7600000)
  from space 5120K, 99% used [0x00000000f7600000,0x00000000f7afe010,0x00000000f7b00000)
  to   space 5120K, 0% used [0x00000000f7b00000,0x00000000f7b00000,0x00000000f8000000)
 ParOldGen       total 87552K, used 4298K [0x00000000e0000000, 0x00000000e5580000, 0x00000000f5580000)
  object space 87552K, 4% used [0x00000000e0000000,0x00000000e0432b00,0x00000000e5580000)
 Metaspace       used 15537K, capacity 15816K, committed 16128K, reserved 1062912K
  class space    used 1876K, capacity 1947K, committed 2048K, reserved 1048576K
Event: 7.042 GC heap after
Heap after GC invocations=4 (full 0):
 PSYoungGen      total 38400K, used 5112K [0x00000000f5580000, 0x00000000f8000000, 0x0000000100000000)
  eden space 33280K, 0% used [0x00000000f5580000,0x00000000f5580000,0x00000000f7600000)
  from space 5120K, 99% used [0x00000000f7b00000,0x00000000f7ffe050,0x00000000f8000000)
  to   space 5120K, 0% used [0x00000000f7600000,0x00000000f7600000,0x00000000f7b00000)
 ParOldGen       total 87552K, used 8945K [0x00000000e0000000, 0x00000000e5580000, 0x00000000f5580000)
  object space 87552K, 10% used [0x00000000e0000000,0x00000000e08bc4b0,0x00000000e5580000)
 Metaspace       used 15537K, capacity 15816K, committed 16128K, reserved 1062912K
  class space    used 1876K, capacity 1947K, committed 2048K, reserved 1048576K
}
Event: 7.155 GC heap before
{Heap before GC invocations=5 (full 0):
 PSYoungGen      total 38400K, used 38392K [0x00000000f5580000, 0x00000000f8000000, 0x0000000100000000)
  eden space 33280K, 100% used [0x00000000f5580000,0x00000000f7600000,0x00000000f7600000)
  from space 5120K, 99% used [0x00000000f7b00000,0x00000000f7ffe050,0x00000000f8000000)
  to   space 5120K, 0% used [0x00000000f7600000,0x00000000f7600000,0x00000000f7b00000)
 ParOldGen       total 87552K, used 8945K [0x00000000e0000000, 0x00000000e5580000, 0x00000000f5580000)
  object space 87552K, 10% used [0x00000000e0000000,0x00000000e08bc4b0,0x00000000e5580000)
 Metaspace       used 15602K, capacity 15880K, committed 16128K, reserved 1062912K
  class space    used 1878K, capacity 1947K, committed 2048K, reserved 1048576K
Event: 7.162 GC heap after
Heap after GC invocations=5 (full 0):
 PSYoungGen      total 38400K, used 5096K [0x00000000f5580000, 0x00000000fac80000, 0x0000000100000000)
  eden space 33280K, 0% used [0x00000000f5580000,0x00000000f5580000,0x00000000f7600000)
  from space 5120K, 99% used [0x00000000f7600000,0x00000000f7afa020,0x00000000f7b00000)
  to   space 11264K, 0% used [0x00000000fa180000,0x00000000fa180000,0x00000000fac80000)
 ParOldGen       total 87552K, used 13096K [0x00000000e0000000, 0x00000000e5580000, 0x00000000f5580000)
  object space 87552K, 14% used [0x00000000e0000000,0x00000000e0cca048,0x00000000e5580000)
 Metaspace       used 15602K, capacity 15880K, committed 16128K, reserved 1062912K
  class space    used 1878K, capacity 1947K, committed 2048K, reserved 1048576K
}
Event: 7.265 GC heap before
{Heap before GC invocations=6 (full 0):
 PSYoungGen      total 38400K, used 38376K [0x00000000f5580000, 0x00000000fac80000, 0x0000000100000000)
  eden space 33280K, 100% used [0x00000000f5580000,0x00000000f7600000,0x00000000f7600000)
  from space 5120K, 99% used [0x00000000f7600000,0x00000000f7afa020,0x00000000f7b00000)
  to   space 11264K, 0% used [0x00000000fa180000,0x00000000fa180000,0x00000000fac80000)
 ParOldGen       total 87552K, used 13096K [0x00000000e0000000, 0x00000000e5580000, 0x00000000f5580000)
  object space 87552K, 14% used [0x00000000e0000000,0x00000000e0cca048,0x00000000e5580000)
 Metaspace       used 15614K, capacity 15880K, committed 16128K, reserved 1062912K
  class space    used 1878K, capacity 1947K, committed 2048K, reserved 1048576K
Event: 7.275 GC heap after
Heap after GC invocations=6 (full 0):
 PSYoungGen      total 77312K, used 9208K [0x00000000f5580000, 0x00000000fad80000, 0x0000000100000000)
  eden space 66048K, 0% used [0x00000000f5580000,0x00000000f5580000,0x00000000f9600000)
  from space 11264K, 81% used [0x00000000fa180000,0x00000000faa7e030,0x00000000fac80000)
  to   space 11776K, 0% used [0x00000000f9600000,0x00000000f9600000,0x00000000fa180000)
 ParOldGen       total 87552K, used 13104K [0x00000000e0000000, 0x00000000e5580000, 0x00000000f5580000)
  object space 87552K, 14% used [0x00000000e0000000,0x00000000e0ccc048,0x00000000e5580000)
 Metaspace       used 15614K, capacity 15880K, committed 16128K, reserved 1062912K
  class space    used 1878K, capacity 1947K, committed 2048K, reserved 1048576K
}
Event: 7.419 GC heap before
{Heap before GC invocations=7 (full 0):
 PSYoungGen      total 77312K, used 75256K [0x00000000f5580000, 0x00000000fad80000, 0x0000000100000000)
  eden space 66048K, 100% used [0x00000000f5580000,0x00000000f9600000,0x00000000f9600000)
  from space 11264K, 81% used [0x00000000fa180000,0x00000000faa7e030,0x00000000fac80000)
  to   space 11776K, 0% used [0x00000000f9600000,0x00000000f9600000,0x00000000fa180000)
 ParOldGen       total 87552K, used 13104K [0x00000000e0000000, 0x00000000e5580000, 0x00000000f5580000)
  object space 87552K, 14% used [0x00000000e0000000,0x00000000e0ccc048,0x00000000e5580000)
 Metaspace       used 15636K, capacity 15944K, committed 16128K, reserved 1062912K
  class space    used 1878K, capacity 1947K, committed 2048K, reserved 1048576K
Event: 7.431 GC heap after
Heap after GC invocations=7 (full 0):
 PSYoungGen      total 77824K, used 11776K [0x00000000f5580000, 0x00000000ff580000, 0x0000000100000000)
  eden space 66048K, 0% used [0x00000000f5580000,0x00000000f5580000,0x00000000f9600000)
  from space 11776K, 100% used [0x00000000f9600000,0x00000000fa180000,0x00000000fa180000)
  to   space 15872K, 0% used [0x00000000fe600000,0x00000000fe600000,0x00000000ff580000)
 ParOldGen       total 87552K, used 18808K [0x00000000e0000000, 0x00000000e5580000, 0x00000000f5580000)
  object space 87552K, 21% used [0x00000000e0000000,0x00000000e125e128,0x00000000e5580000)
 Metaspace       used 15636K, capacity 15944K, committed 16128K, reserved 1062912K
  class space    used 1878K, capacity 1947K, committed 2048K, reserved 1048576K
}
Event: 8.606 GC heap before
{Heap before GC invocations=8 (full 0):
 PSYoungGen      total 77824K, used 77824K [0x00000000f5580000, 0x00000000ff580000, 0x0000000100000000)
  eden space 66048K, 100% used [0x00000000f5580000,0x00000000f9600000,0x00000000f9600000)
  from space 11776K, 100% used [0x00000000f9600000,0x00000000fa180000,0x00000000fa180000)
  to   space 15872K, 0% used [0x00000000fe600000,0x00000000fe600000,0x00000000ff580000)
 ParOldGen       total 87552K, used 18808K [0x00000000e0000000, 0x00000000e5580000, 0x00000000f5580000)
  object space 87552K, 21% used [0x00000000e0000000,0x00000000e125e128,0x00000000e5580000)
 Metaspace       used 16309K, capacity 16686K, committed 16896K, reserved 1064960K
  class space    used 1935K, capacity 2044K, committed 2048K, reserved 1048576K
Event: 8.618 GC heap after
Heap after GC invocations=8 (full 0):
 PSYoungGen      total 143872K, used 15872K [0x00000000f5580000, 0x00000000ffd80000, 0x0000000100000000)
  eden space 128000K, 0% used [0x00000000f5580000,0x00000000f5580000,0x00000000fd280000)
  from space 15872K, 100% used [0x00000000fe600000,0x00000000ff580000,0x00000000ff580000)
  to   space 19968K, 0% used [0x00000000fd280000,0x00000000fd280000,0x00000000fe600000)
 ParOldGen       total 87552K, used 22640K [0x00000000e0000000, 0x00000000e5580000, 0x00000000f5580000)
  object space 87552K, 25% used [0x00000000e0000000,0x00000000e161c130,0x00000000e5580000)
 Metaspace       used 16309K, capacity 16686K, committed 16896K, reserved 1064960K
  class space    used 1935K, capacity 2044K, committed 2048K, reserved 1048576K
}

