# JRE version: Java(TM) SE Runtime Environment (8.0_192-b12) (build 1.8.0_192-b12)
# Java VM: Java HotSpot(TM) 64-Bit Server VM (25.192-b12 mixed mode windows-amd64 compressed oops)
Heap:
 PSYoungGen      total 119296K, used 9916K [0x00000000f5580000, 0x00000000fdd80000, 0x0000000100000000)
  eden space 99328K, 9% used [0x00000000f5580000,0x00000000f5f2f330,0x00000000fb680000)
  from space 19968K, 0% used [0x00000000fca00000,0x00000000fca00000,0x00000000fdd80000)
  to   space 19968K, 0% used [0x00000000fb680000,0x00000000fb680000,0x00000000fca00000)
 ParOldGen       total 87552K, used 35179K [0x00000000e0000000, 0x00000000e5580000, 0x00000000f5580000)
  object space 87552K, 40% used [0x00000000e0000000,0x00000000e225aef8,0x00000000e5580000)
 Metaspace       used 20816K, capacity 21268K, committed 21552K, reserved 1069056K
  class space    used 2495K, capacity 2671K, committed 2688K, reserved 1048576K
GC Heap History (10 events):
Event: 14.795 GC heap before
{Heap before GC invocations=7 (full 0):
 PSYoungGen      total 44032K, used 42744K [0x00000000f5580000, 0x00000000f8d00000, 0x0000000100000000)
  eden space 32256K, 100% used [0x00000000f5580000,0x00000000f7500000,0x00000000f7500000)
  from space 11776K, 89% used [0x00000000f8100000,0x00000000f8b3e070,0x00000000f8c80000)
  to   space 12288K, 0% used [0x00000000f7500000,0x00000000f7500000,0x00000000f8100000)
 ParOldGen       total 87552K, used 13782K [0x00000000e0000000, 0x00000000e5580000, 0x00000000f5580000)
  object space 87552K, 15% used [0x00000000e0000000,0x00000000e0d75a50,0x00000000e5580000)
 Metaspace       used 15724K, capacity 16104K, committed 16384K, reserved 1062912K
  class space    used 1884K, capacity 1979K, committed 2048K, reserved 1048576K
Event: 14.803 GC heap after
Heap after GC invocations=7 (full 0):
 PSYoungGen      total 44544K, used 12256K [0x00000000f5580000, 0x00000000fb280000, 0x0000000100000000)
  eden space 32256K, 0% used [0x00000000f5580000,0x00000000f5580000,0x00000000f7500000)
  from space 12288K, 99% used [0x00000000f7500000,0x00000000f80f8020,0x00000000f8100000)
  to   space 15360K, 0% used [0x00000000fa380000,0x00000000fa380000,0x00000000fb280000)
 ParOldGen       total 87552K, used 16434K [0x00000000e0000000, 0x00000000e5580000, 0x00000000f5580000)
  object space 87552K, 18% used [0x00000000e0000000,0x00000000e100cb20,0x00000000e5580000)
 Metaspace       used 15724K, capacity 16104K, committed 16384K, reserved 1062912K
  class space    used 1884K, capacity 1979K, committed 2048K, reserved 1048576K
}
Event: 15.202 GC heap before
{Heap before GC invocations=8 (full 0):
 PSYoungGen      total 44544K, used 44512K [0x00000000f5580000, 0x00000000fb280000, 0x0000000100000000)
  eden space 32256K, 100% used [0x00000000f5580000,0x00000000f7500000,0x00000000f7500000)
  from space 12288K, 99% used [0x00000000f7500000,0x00000000f80f8020,0x00000000f8100000)
  to   space 15360K, 0% used [0x00000000fa380000,0x00000000fa380000,0x00000000fb280000)
 ParOldGen       total 87552K, used 16434K [0x00000000e0000000, 0x00000000e5580000, 0x00000000f5580000)
  object space 87552K, 18% used [0x00000000e0000000,0x00000000e100cb20,0x00000000e5580000)
 Metaspace       used 15738K, capacity 16104K, committed 16384K, reserved 1062912K
  class space    used 1884K, capacity 1979K, committed 2048K, reserved 1048576K
Event: 15.213 GC heap after
Heap after GC invocations=8 (full 0):
 PSYoungGen      total 77312K, used 15360K [0x00000000f5580000, 0x00000000fb780000, 0x0000000100000000)
  eden space 61952K, 0% used [0x00000000f5580000,0x00000000f5580000,0x00000000f9200000)
  from space 15360K, 100% used [0x00000000fa380000,0x00000000fb280000,0x00000000fb280000)
  to   space 17920K, 0% used [0x00000000f9200000,0x00000000f9200000,0x00000000fa380000)
 ParOldGen       total 87552K, used 18572K [0x00000000e0000000, 0x00000000e5580000, 0x00000000f5580000)
  object space 87552K, 21% used [0x00000000e0000000,0x00000000e1223360,0x00000000e5580000)
 Metaspace       used 15738K, capacity 16104K, committed 16384K, reserved 1062912K
  class space    used 1884K, capacity 1979K, committed 2048K, reserved 1048576K
}
Event: 17.504 GC heap before
{Heap before GC invocations=9 (full 0):
 PSYoungGen      total 77312K, used 77312K [0x00000000f5580000, 0x00000000fb780000, 0x0000000100000000)
  eden space 61952K, 100% used [0x00000000f5580000,0x00000000f9200000,0x00000000f9200000)
  from space 15360K, 100% used [0x00000000fa380000,0x00000000fb280000,0x00000000fb280000)
  to   space 17920K, 0% used [0x00000000f9200000,0x00000000f9200000,0x00000000fa380000)
 ParOldGen       total 87552K, used 18572K [0x00000000e0000000, 0x00000000e5580000, 0x00000000f5580000)
  object space 87552K, 21% used [0x00000000e0000000,0x00000000e1223360,0x00000000e5580000)
 Metaspace       used 20058K, capacity 20526K, committed 20864K, reserved 1067008K
  class space    used 2415K, capacity 2574K, committed 2688K, reserved 1048576K
Event: 17.520 GC heap after
Heap after GC invocations=9 (full 0):
 PSYoungGen      total 79872K, used 17320K [0x00000000f5580000, 0x00000000fdd80000, 0x0000000100000000)
  eden space 61952K, 0% used [0x00000000f5580000,0x00000000f5580000,0x00000000f9200000)
  from space 17920K, 96% used [0x00000000f9200000,0x00000000fa2ea0c0,0x00000000fa380000)
  to   space 19968K, 0% used [0x00000000fca00000,0x00000000fca00000,0x00000000fdd80000)
 ParOldGen       total 87552K, used 24634K [0x00000000e0000000, 0x00000000e5580000, 0x00000000f5580000)
  object space 87552K, 28% used [0x00000000e0000000,0x00000000e180e9e0,0x00000000e5580000)
 Metaspace       used 20058K, capacity 20526K, committed 20864K, reserved 1067008K
  class space    used 2415K, capacity 2574K, committed 2688K, reserved 1048576K
}
Event: 19.586 GC heap before
{Heap before GC invocations=10 (full 0):
 PSYoungGen      total 79872K, used 38404K [0x00000000f5580000, 0x00000000fdd80000, 0x0000000100000000)
  eden space 61952K, 34% used [0x00000000f5580000,0x00000000f6a17168,0x00000000f9200000)
  from space 17920K, 96% used [0x00000000f9200000,0x00000000fa2ea0c0,0x00000000fa380000)
  to   space 19968K, 0% used [0x00000000fca00000,0x00000000fca00000,0x00000000fdd80000)
 ParOldGen       total 87552K, used 24634K [0x00000000e0000000, 0x00000000e5580000, 0x00000000f5580000)
  object space 87552K, 28% used [0x00000000e0000000,0x00000000e180e9e0,0x00000000e5580000)
 Metaspace       used 20710K, capacity 21108K, committed 21296K, reserved 1069056K
  class space    used 2480K, capacity 2639K, committed 2688K, reserved 1048576K
Event: 19.595 GC heap after
Heap after GC invocations=10 (full 0):
 PSYoungGen      total 119296K, used 8439K [0x00000000f5580000, 0x00000000fdd80000, 0x0000000100000000)
  eden space 99328K, 0% used [0x00000000f5580000,0x00000000f5580000,0x00000000fb680000)
  from space 19968K, 42% used [0x00000000fca00000,0x00000000fd23df70,0x00000000fdd80000)
  to   space 19968K, 0% used [0x00000000fb680000,0x00000000fb680000,0x00000000fca00000)
 ParOldGen       total 87552K, used 33989K [0x00000000e0000000, 0x00000000e5580000, 0x00000000f5580000)
  object space 87552K, 38% used [0x00000000e0000000,0x00000000e21314d8,0x00000000e5580000)
 Metaspace       used 20710K, capacity 21108K, committed 21296K, reserved 1069056K
  class space    used 2480K, capacity 2639K, committed 2688K, reserved 1048576K
}
Event: 19.595 GC heap before
{Heap before GC invocations=11 (full 1):
 PSYoungGen      total 119296K, used 8439K [0x00000000f5580000, 0x00000000fdd80000, 0x0000000100000000)
  eden space 99328K, 0% used [0x00000000f5580000,0x00000000f5580000,0x00000000fb680000)
  from space 19968K, 42% used [0x00000000fca00000,0x00000000fd23df70,0x00000000fdd80000)
  to   space 19968K, 0% used [0x00000000fb680000,0x00000000fb680000,0x00000000fca00000)
 ParOldGen       total 87552K, used 33989K [0x00000000e0000000, 0x00000000e5580000, 0x00000000f5580000)
  object space 87552K, 38% used [0x00000000e0000000,0x00000000e21314d8,0x00000000e5580000)
 Metaspace       used 20710K, capacity 21108K, committed 21296K, reserved 1069056K
  class space    used 2480K, capacity 2639K, committed 2688K, reserved 1048576K
Event: 19.711 GC heap after
Heap after GC invocations=11 (full 1):
 PSYoungGen      total 119296K, used 0K [0x00000000f5580000, 0x00000000fdd80000, 0x0000000100000000)
  eden space 99328K, 0% used [0x00000000f5580000,0x00000000f5580000,0x00000000fb680000)
  from space 19968K, 0% used [0x00000000fca00000,0x00000000fca00000,0x00000000fdd80000)
  to   space 19968K, 0% used [0x00000000fb680000,0x00000000fb680000,0x00000000fca00000)
 ParOldGen       total 87552K, used 35179K [0x00000000e0000000, 0x00000000e5580000, 0x00000000f5580000)
  object space 87552K, 40% used [0x00000000e0000000,0x00000000e225aef8,0x00000000e5580000)
 Metaspace       used 20710K, capacity 21108K, committed 21296K, reserved 1069056K
  class space    used 2480K, capacity 2639K, committed 2688K, reserved 1048576K
}

